This is TeX, Version 3.141592 (Web2C 7.5.6) (format=tex 2008.6.18)  30 MAR 2009 16:26
**manual
(./manual.tex (./gapmacro.tex
(/usr/share/texmf-texlive/tex/plain/amsfonts/amssym.tex
(/usr/share/texmf-texlive/tex/plain/amsfonts/amssym.def
\msafam=\fam8
\msbfam=\fam9
\eufmfam=\fam10
))
Running TeX
\pagewidth=\dimen16
\pageheight=\dimen17
\colwidth=\dimen18
\partialpage=\box16
\origvsize=\dimen19
\manindent=\dimen20
\smallmanindent=\dimen21
\msbfam=\fam11
\labelout=\write0
\indexout=\write1
\secindout=\write2
\tocout=\write3
\citeout=\write4
\ans=\write5
\labelin=\read0
\indexin=\read1
\tocin=\read2
\citein=\read3
\secno=\count26
\subsecno=\count27
\exno=\count28
\indentno=\count29
\chapnum=\count30
\ortoks=\toks12
)
No file ref/manual.lab.
(./cover.tex) [1]
\makelabel{weyl:}{{\setbox 0=\hbox {1}\vrule width 0pt height\ht 0}}
Chapter `' .
(./acknowledge.tex [2.1
\chapcontents {\tocstrut }{}{2}
]
\makelabel{weyl:Acknowledgement}{{\setbox 0=\hbox {1}\vrule width 0pt height\ht
 0}}
Chapter `Acknowledgement' .
) [3.2
\chapcontents {\tocstrut }{Acknowledgement}{3}
]
\makelabel{weyl:Contents}{{\setbox 0=\hbox {1}\vrule width 0pt height\ht 0}}
Chapter `Contents' .
(./manual.toc) [4.3
\chapcontents {\tocstrut }{Contents}{4}
] (./manual.lab)
\openout3 = `manual.toc'.

\openout0 = `manual.lab'.

\openout1 = `manual.idx'.

\openout2 = `manual.six'.

\openout4 = `manual.aux'.

 (./copyrigh.tex
Chapter `Copyright Notice' .
) [5.4] (./weyl.tex
Chapter `Weyl modules' .
[6.1] [7.1] [8.1] [9.1] [10.1] [11.1] [12.1] [13.1] [14.1]
Chapter `Characters and decomposition numbers' .
[15.2] [16.2] [17.2]
Chapter `Schur algebras and Symmetric Groups' .
[18.3] [19.3] [20.3] [21.3]) [22.3]
Chapter `Bibliography' .
(./manual.bbl) [23.4]
Chapter `Index' .
(./manual.ind) [24.5] [25.5]
##
## Citations for BibTeX written on manual.aux.
## Index entries for makeindex written on manual.idx.
## Section index entries written on manual.six.
## Label definitions written on manual.lab.
## Table of contents written on manual.toc.
## Labels have changed, run again. (Or they were multiply defined.)
##
 )
Output written on manual.dvi (25 pages, 57296 bytes).
