\BOOKMARK [0][-]{chapter.1}{Weyl modules}{}% 1
\BOOKMARK [1][-]{section.1.1}{Creating Weyl modules}{chapter.1}% 2
\BOOKMARK [1][-]{section.1.2}{Creating quotients of Weyl modules}{chapter.1}% 3
\BOOKMARK [1][-]{section.1.3}{Basis, dimension, and other miscellaneous commands}{chapter.1}% 4
\BOOKMARK [1][-]{section.1.4}{Weight of a vector; weights of a list of vectors}{chapter.1}% 5
\BOOKMARK [1][-]{section.1.5}{Structure of Weyl modules}{chapter.1}% 6
\BOOKMARK [1][-]{section.1.6}{Maximal and primitive vectors; homomorphisms between Weyl modules}{chapter.1}% 7
\BOOKMARK [1][-]{section.1.7}{Submodules}{chapter.1}% 8
\BOOKMARK [1][-]{section.1.8}{Weights and weight spaces}{chapter.1}% 9
\BOOKMARK [0][-]{chapter.2}{Characters and decomposition numbers}{}% 10
\BOOKMARK [1][-]{section.2.1}{Characters}{chapter.2}% 11
\BOOKMARK [1][-]{section.2.2}{Decomposition numbers}{chapter.2}% 12
\BOOKMARK [1][-]{section.2.3}{Decomposing tensor products}{chapter.2}% 13
\BOOKMARK [0][-]{chapter.3}{Schur algebras and Symmetric Groups}{}% 14
\BOOKMARK [1][-]{section.3.1}{Compositions and Weights}{chapter.3}% 15
\BOOKMARK [1][-]{section.3.2}{Schur Algebras}{chapter.3}% 16
\BOOKMARK [1][-]{section.3.3}{Symmetric groups}{chapter.3}% 17
\BOOKMARK [1][-]{section.3.4}{The Mullineux correspondence}{chapter.3}% 18
\BOOKMARK [1][-]{section.3.5}{Miscellaneous functions for partitions}{chapter.3}% 19
\BOOKMARK [0][-]{chapter*.3}{References}{}% 20
\BOOKMARK [0][-]{section*.4}{Index}{}% 21
